TN:
SF:contracts/zk/ZKGateway.sol
DA:64,23
FN:64,ZKGateway.constructor
FNDA:23,ZKGateway.constructor
DA:72,23
DA:73,22
DA:74,22
DA:75,22
DA:76,22
DA:77,1
BRDA:77,0,0,1
DA:79,22
DA:80,22
DA:81,22
DA:82,22
DA:83,22
DA:90,3
FN:90,ZKGateway.verifyAgeProof
FNDA:3,ZKGateway.verifyAgeProof
DA:94,3
BRDA:94,1,0,1
DA:95,1
DA:97,2
DA:100,2
DA:108,4
FN:108,ZKGateway.verifyCredentialProof
FNDA:4,ZKGateway.verifyCredentialProof
DA:113,4
BRDA:113,2,0,1
DA:114,1
DA:117,3
DA:118,3
BRDA:118,3,0,1
DA:119,1
DA:121,2
DA:128,6
FN:128,ZKGateway.verifyAndConsumeNullifier
FNDA:6,ZKGateway.verifyAndConsumeNullifier
DA:132,6
BRDA:132,4,0,1
DA:133,1
DA:136,5
DA:137,5
DA:138,5
DA:140,5
BRDA:140,5,0,1
DA:141,1
BRDA:141,6,0,1
DA:143,3
DA:144,2
BRDA:144,7,0,2
DA:145,2
DA:146,2
DA:148,3
DA:157,7
FN:157,ZKGateway.verifyCompositeProof
FNDA:7,ZKGateway.verifyCompositeProof
DA:162,7
BRDA:162,8,0,1
DA:163,1
DA:166,6
DA:167,6
BRDA:167,9,0,1
DA:168,1
DA:171,5
DA:172,5
DA:173,5
DA:175,5
BRDA:175,10,0,1
DA:176,1
BRDA:176,11,0,1
DA:178,3
DA:179,2
BRDA:179,12,0,2
DA:180,2
DA:181,2
DA:182,2
DA:184,3
DA:190,24
FN:190,ZKGateway.addMerkleRoot
FNDA:24,ZKGateway.addMerkleRoot
DA:191,24
BRDA:191,13,0,1
DA:192,23
DA:193,23
DA:199,5
FN:199,ZKGateway.isNullifierUsed
FNDA:5,ZKGateway.isNullifierUsed
DA:200,5
DA:203,2
FN:203,ZKGateway.isMerkleRootValid
FNDA:2,ZKGateway.isMerkleRootValid
DA:204,2
FNF:8
FNH:8
LF:62
LH:62
BRF:14
BRH:14
end_of_record
TN:
SF:mocks/MockGroth16Verifier.sol
DA:9,6
FN:9,MockGroth16Verifier.setShouldVerify
FNDA:6,MockGroth16Verifier.setShouldVerify
DA:10,6
DA:13,269
FN:13,MockGroth16Verifier.verifyProof
FNDA:269,MockGroth16Verifier.verifyProof
DA:19,269
FNF:2
FNH:2
LF:4
LH:4
BRF:0
BRH:0
end_of_record
TN:
SF:src/CredentialMetadataRegistry.sol
DA:30,27
FN:30,CredentialMetadataRegistry.constructor
FNDA:27,CredentialMetadataRegistry.constructor
DA:31,27
BRDA:31,0,0,1
DA:32,26
DA:35,29
FN:35,CredentialMetadataRegistry.registerCredential
FNDA:29,CredentialMetadataRegistry.registerCredential
DA:36,29
BRDA:36,1,0,1
DA:38,28
DA:39,28
BRDA:39,2,0,1
DA:41,27
DA:42,27
BRDA:42,3,0,1
DA:44,26
DA:45,26
DA:46,26
DA:48,26
DA:51,264
FN:51,CredentialMetadataRegistry.getCredential
FNDA:264,CredentialMetadataRegistry.getCredential
DA:56,267
DA:57,267
BRDA:57,4,0,2
DA:59,265
DA:62,1
FN:62,CredentialMetadataRegistry.getIssuerDID
FNDA:1,CredentialMetadataRegistry.getIssuerDID
DA:63,1
DA:64,1
DA:67,1
FN:67,CredentialMetadataRegistry.getIssuer
FNDA:1,CredentialMetadataRegistry.getIssuer
DA:68,1
DA:69,1
DA:72,1
FN:72,CredentialMetadataRegistry.getRevocationIndex
FNDA:1,CredentialMetadataRegistry.getRevocationIndex
DA:73,1
DA:74,1
DA:77,2
FN:77,CredentialMetadataRegistry.exists
FNDA:2,CredentialMetadataRegistry.exists
DA:78,2
FNF:7
FNH:7
LF:28
LH:28
BRF:5
BRH:5
end_of_record
TN:
SF:src/CredentialVerifier.sol
DA:25,18
FN:25,CredentialVerifier.constructor
FNDA:18,CredentialVerifier.constructor
DA:32,18
DA:33,18
DA:34,18
DA:35,18
DA:36,0
BRDA:36,0,0,-
DA:37,0
DA:40,18
DA:41,18
DA:42,18
DA:43,18
DA:46,260
FN:46,CredentialVerifier.validateCredential
FNDA:260,CredentialVerifier.validateCredential
DA:54,260
DA:55,259
BRDA:55,1,0,1
DA:56,1
DA:59,258
DA:62,2
FN:62,CredentialVerifier.verifyPresentationOrRevert
FNDA:2,CredentialVerifier.verifyPresentationOrRevert
DA:67,2
DA:69,2
BRDA:69,2,0,1
DA:70,1
DA:73,1
BRDA:73,3,0,1
DA:74,1
DA:77,0
DA:80,1
FN:80,CredentialVerifier.resolveCredentialContext
FNDA:1,CredentialVerifier.resolveCredentialContext
DA:93,1
DA:94,1
DA:95,1
FNF:4
FNH:4
LF:27
LH:24
BRF:4
BRH:3
end_of_record
TN:
SF:src/DIDRegistry.sol
DA:28,43
FN:28,DIDRegistry.registerDid
FNDA:43,DIDRegistry.registerDid
DA:29,43
DA:30,42
BRDA:30,0,0,1
DA:32,41
DA:33,41
BRDA:33,1,0,1
DA:35,40
DA:36,40
DA:37,40
DA:39,40
DA:42,4
FN:42,DIDRegistry.updatePublicKey
FNDA:4,DIDRegistry.updatePublicKey
DA:43,4
DA:44,4
BRDA:44,2,0,1
DA:46,3
DA:47,2
BRDA:47,3,0,1
DA:49,1
DA:50,1
DA:51,1
DA:53,1
DA:56,3
FN:56,DIDRegistry.getPublicKey
FNDA:3,DIDRegistry.getPublicKey
DA:57,3
DA:60,1
FN:60,DIDRegistry.getPublicKeyByHash
FNDA:1,DIDRegistry.getPublicKeyByHash
DA:61,1
DA:64,27
FN:64,DIDRegistry.getOwner
FNDA:27,DIDRegistry.getOwner
DA:65,27
DA:68,1
FN:68,DIDRegistry.getOwnerByHash
FNDA:1,DIDRegistry.getOwnerByHash
DA:69,1
DA:72,1
FN:72,DIDRegistry.getDocument
FNDA:1,DIDRegistry.getDocument
DA:77,1
DA:78,1
DA:81,1
FN:81,DIDRegistry.getUpdatedTimestamp
FNDA:1,DIDRegistry.getUpdatedTimestamp
DA:82,1
DA:85,2
FN:85,DIDRegistry.isRegistered
FNDA:2,DIDRegistry.isRegistered
DA:86,2
DA:87,2
DA:90,3
FN:90,DIDRegistry.computeDidHash
FNDA:3,DIDRegistry.computeDidHash
DA:91,3
DA:94,37
FN:94,DIDRegistry._requireDocument
FNDA:37,DIDRegistry._requireDocument
DA:95,37
DA:96,37
BRDA:96,4,0,2
DA:99,84
FN:99,DIDRegistry._didHashOrRevert
FNDA:84,DIDRegistry._didHashOrRevert
DA:100,84
BRDA:100,5,0,1
DA:101,83
FNF:12
FNH:12
LF:42
LH:42
BRF:6
BRH:6
end_of_record
TN:
SF:src/IdentityRegistry.sol
DA:38,45
FN:38,IdentityRegistry.constructor
FNDA:45,IdentityRegistry.constructor
DA:39,45
BRDA:39,0,0,1
BRDA:39,0,1,44
DA:41,44
DA:42,44
DA:47,299
FN:47,IdentityRegistry.registerIdentity
FNDA:299,IdentityRegistry.registerIdentity
DA:48,299
BRDA:48,1,0,1
BRDA:48,1,1,298
DA:49,298
BRDA:49,2,0,1
BRDA:49,2,1,297
DA:51,297
DA:60,297
DA:65,293
FN:65,IdentityRegistry.verifyIdentity
FNDA:293,IdentityRegistry.verifyIdentity
DA:66,292
BRDA:66,3,0,1
BRDA:66,3,1,291
DA:68,291
DA:69,291
BRDA:69,4,0,1
BRDA:69,4,1,290
DA:70,290
BRDA:70,5,0,1
BRDA:70,5,1,289
DA:72,289
DA:73,289
DA:74,289
DA:75,289
DA:77,289
DA:82,7
FN:82,IdentityRegistry.revokeIdentity
FNDA:7,IdentityRegistry.revokeIdentity
DA:83,6
BRDA:83,6,0,1
BRDA:83,6,1,5
DA:85,5
DA:86,5
BRDA:86,7,0,1
BRDA:86,7,1,4
DA:87,4
BRDA:87,8,0,1
BRDA:87,8,1,3
DA:89,3
DA:90,3
DA:92,3
DA:97,4
FN:97,IdentityRegistry.addVerifier
FNDA:4,IdentityRegistry.addVerifier
DA:98,3
BRDA:98,9,0,1
BRDA:98,9,1,2
DA:99,2
DA:100,2
DA:105,3
FN:105,IdentityRegistry.removeVerifier
FNDA:3,IdentityRegistry.removeVerifier
DA:106,2
BRDA:106,10,0,1
BRDA:106,10,1,1
DA:107,1
DA:108,1
DA:114,275
FN:114,IdentityRegistry.isVerified
FNDA:275,IdentityRegistry.isVerified
DA:115,275
DA:126,3
FN:126,IdentityRegistry.getIdentity
FNDA:3,IdentityRegistry.getIdentity
DA:138,3
DA:139,3
DA:152,2
FN:152,IdentityRegistry.getDocumentHash
FNDA:2,IdentityRegistry.getDocumentHash
DA:153,2
DA:154,2
BRDA:154,11,0,1
BRDA:154,11,1,1
DA:155,1
DA:161,5
FN:161,IdentityRegistry.getStatus
FNDA:5,IdentityRegistry.getStatus
DA:162,5
FNF:10
FNH:10
LF:46
LH:46
BRF:24
BRH:24
end_of_record
TN:
SF:src/KYCGatedAuction.sol
DA:28,19
FN:28,KYCGatedAuction.constructor
FNDA:19,KYCGatedAuction.constructor
DA:29,19
BRDA:29,0,0,1
BRDA:29,0,1,18
DA:30,18
BRDA:30,1,0,0
BRDA:30,1,1,18
DA:31,18
DA:36,273
FN:36,KYCGatedAuction.placeBid
FNDA:273,KYCGatedAuction.placeBid
DA:37,273
BRDA:37,2,0,1
BRDA:37,2,1,272
DA:38,272
BRDA:38,3,0,2
BRDA:38,3,1,270
DA:39,270
BRDA:39,4,0,2
BRDA:39,4,1,268
DA:41,268
BRDA:41,5,0,4
DA:42,4
DA:45,268
DA:46,268
DA:48,268
DA:52,2
FN:52,KYCGatedAuction.withdrawRefund
FNDA:2,KYCGatedAuction.withdrawRefund
DA:53,2
DA:54,2
BRDA:54,6,0,1
BRDA:54,6,1,1
DA:56,1
DA:58,1
DA:59,1
BRDA:59,7,0,0
BRDA:59,7,1,1
DA:61,1
DA:65,7
FN:65,KYCGatedAuction.endAuction
FNDA:7,KYCGatedAuction.endAuction
DA:66,6
BRDA:66,8,0,1
BRDA:66,8,1,5
DA:67,5
DA:68,5
DA:73,3
FN:73,KYCGatedAuction.withdrawProceeds
FNDA:3,KYCGatedAuction.withdrawProceeds
DA:74,3
BRDA:74,9,0,1
BRDA:74,9,1,2
DA:75,2
BRDA:75,10,0,1
BRDA:75,10,1,1
DA:77,1
DA:78,1
BRDA:78,11,0,0
BRDA:78,11,1,1
DA:80,1
DA:82,1
DA:83,1
BRDA:83,12,0,0
BRDA:83,12,1,1
DA:85,1
FNF:5
FNH:5
LF:33
LH:33
BRF:25
BRH:21
end_of_record
TN:
SF:src/RevocationRegistry.sol
DA:14,269
FN:14,RevocationRegistry.revoke
FNDA:269,RevocationRegistry.revoke
DA:15,269
DA:16,269
DA:18,269
BRDA:18,0,0,1
DA:20,268
DA:21,268
DA:24,3
FN:24,RevocationRegistry.unrevoke
FNDA:3,RevocationRegistry.unrevoke
DA:25,3
DA:26,3
DA:28,3
BRDA:28,1,0,1
DA:30,2
DA:31,2
DA:34,529
FN:34,RevocationRegistry.isRevoked
FNDA:529,RevocationRegistry.isRevoked
DA:35,529
DA:36,529
DA:39,1
FN:39,RevocationRegistry.getBucket
FNDA:1,RevocationRegistry.getBucket
DA:40,1
DA:43,801
FN:43,RevocationRegistry._position
FNDA:801,RevocationRegistry._position
DA:45,801
DA:46,801
FNF:5
FNH:5
LF:20
LH:20
BRF:2
BRH:2
end_of_record
